<?xml version="1.0" encoding="UTF-8"?>
<testng-results ignored="0" total="1" passed="0" failed="1" skipped="0">
  <reporter-output>
  </reporter-output>
  <suite started-at="2023-10-03T10:36:21 IST" name="Default suite" finished-at="2023-10-03T10:36:23 IST" duration-ms="1868">
    <groups>
      <group name="cucumber">
        <method signature="AbstractTestNGCucumberTests.runScenario(io.cucumber.testng.PickleWrapper,io.cucumber.testng.FeatureWrapper)[pri:0, instance:Runner.RunnerClass@1040be71]" name="runScenario" class="io.cucumber.testng.AbstractTestNGCucumberTests"/>
      </group> <!-- cucumber -->
    </groups>
    <test started-at="2023-10-03T10:36:21 IST" name="Default test" finished-at="2023-10-03T10:36:23 IST" duration-ms="1868">
      <class name="Runner.RunnerClass">
        <test-method is-config="true" signature="setUpClass(org.testng.ITestContext)[pri:0, instance:Runner.RunnerClass@1040be71]" started-at="2023-10-03T10:36:21 IST" name="setUpClass" finished-at="2023-10-03T10:36:22 IST" duration-ms="1211" status="PASS">
          <params>
            <param index="0">
              <value>
                <![CDATA[org.testng.TestRunner@72a85671]]>
              </value>
            </param>
          </params>
          <reporter-output>
          </reporter-output>
        </test-method> <!-- setUpClass -->
        <test-method signature="runScenario(io.cucumber.testng.PickleWrapper,io.cucumber.testng.FeatureWrapper)[pri:0, instance:Runner.RunnerClass@1040be71]" started-at="2023-10-03T10:36:22 IST" name="runScenario" description="Runs Cucumber Scenarios" data-provider="scenarios" finished-at="2023-10-03T10:36:23 IST" duration-ms="534" status="FAIL">
          <params>
            <param index="0">
              <value>
                <![CDATA["This Login Scenario"]]>
              </value>
            </param>
            <param index="1">
              <value>
                <![CDATA["This is Login Feature"]]>
              </value>
            </param>
          </params>
          <exception class="java.lang.NullPointerException">
            <message>
              <![CDATA[Cannot invoke "org.openqa.selenium.WebDriver.findElement(org.openqa.selenium.By)" because "this.driver" is null]]>
            </message>
            <full-stacktrace>
              <![CDATA[java.lang.NullPointerException: Cannot invoke "org.openqa.selenium.WebDriver.findElement(org.openqa.selenium.By)" because "this.driver" is null
at Step_Definitions.login_Definitions.user_enters_the_user_name(login_Definitions.java:22)
at ✽.User enters the UserName(file:///C:/Users/p81427/eclipse-workspace/LAO_Cucumber_Project/src/test/resources/featureFiles/login.feature:4)
]]>
            </full-stacktrace>
          </exception> <!-- java.lang.NullPointerException -->
          <reporter-output>
          </reporter-output>
        </test-method> <!-- runScenario -->
        <test-method is-config="true" signature="tearDownClass()[pri:0, instance:Runner.RunnerClass@1040be71]" started-at="2023-10-03T10:36:23 IST" name="tearDownClass" finished-at="2023-10-03T10:36:23 IST" duration-ms="12" status="PASS">
          <reporter-output>
          </reporter-output>
        </test-method> <!-- tearDownClass -->
      </class> <!-- Runner.RunnerClass -->
    </test> <!-- Default test -->
  </suite> <!-- Default suite -->
</testng-results>
