<?xml version="1.0" encoding="UTF-8"?>
<!-- Generated by org.testng.reporters.JUnitReportReporter -->
<testsuite hostname="VDC1ODCD200101" failures="0" tests="1" name="Runner.RunnerClass" time="0.534" errors="1" timestamp="2023-10-03T10:36:24 IST" skipped="0">
  <testcase classname="Runner.RunnerClass" name="runScenario" time="0.534">
    <error message="Cannot invoke &quot;org.openqa.selenium.WebDriver.findElement(org.openqa.selenium.By)&quot; because &quot;this.driver&quot; is null" type="java.lang.NullPointerException">
      <![CDATA[java.lang.NullPointerException: Cannot invoke "org.openqa.selenium.WebDriver.findElement(org.openqa.selenium.By)" because "this.driver" is null
at Step_Definitions.login_Definitions.user_enters_the_user_name(login_Definitions.java:22)
at ✽.User enters the UserName(file:///C:/Users/p81427/eclipse-workspace/LAO_Cucumber_Project/src/test/resources/featureFiles/login.feature:4)
]]>
    </error>
  </testcase> <!-- runScenario -->
</testsuite> <!-- Runner.RunnerClass -->
